Started by user admin
Running as SYSTEM
Building in workspace /var/jenkins_home/workspace/ecommerce
The recommended git tool is: NONE
using credential a31eb2c4-5ab0-47eb-b4cd-95fd0efe4c6a
 > git rev-parse --resolve-git-dir /var/jenkins_home/workspace/ecommerce/.git # timeout=10
Fetching changes from the remote Git repository
 > git config remote.origin.url git@github.com:huyhue/ecommerce.git # timeout=10
Fetching upstream changes from git@github.com:huyhue/ecommerce.git
 > git --version # timeout=10
 > git --version # 'git version 2.36.2'
using GIT_SSH to set credentials 
Verifying host key using known hosts file
You're using 'Known hosts file' strategy to verify ssh host keys, but your known_hosts file does not exist, please go to 'Manage Jenkins' -> 'Configure Global Security' -> 'Git Host Key Verification Configuration' and configure host key verification.
 > git fetch --tags --force --progress -- git@github.com:huyhue/ecommerce.git +refs/heads/*:refs/remotes/origin/* # timeout=10
 > git rev-parse refs/remotes/origin/main^{commit} # timeout=10
Checking out Revision dff8ea3113cb37bda6d88138befae2d32d018f4c (refs/remotes/origin/main)
 > git config core.sparsecheckout # timeout=10
 > git checkout -f dff8ea3113cb37bda6d88138befae2d32d018f4c # timeout=10
Commit message: "second v1.1"
 > git rev-list --no-walk dff8ea3113cb37bda6d88138befae2d32d018f4c # timeout=10
[ecommerce] $ mvn -f pom.xml package
[INFO] Scanning for projects...
[INFO] 
[INFO] ---------------------< com.example:ecommerce-app >----------------------
[INFO] Building ecommerce-application 0.0.1-SNAPSHOT
[INFO] --------------------------------[ jar ]---------------------------------
[INFO] 
[INFO] --- maven-resources-plugin:3.1.0:resources (default-resources) @ ecommerce-app ---
[INFO] Using 'UTF-8' encoding to copy filtered resources.
[INFO] Copying 1 resource
[INFO] Copying 3 resources
[INFO] 
[INFO] --- maven-compiler-plugin:3.8.1:compile (default-compile) @ ecommerce-app ---
[INFO] Nothing to compile - all classes are up to date
[INFO] 
[INFO] --- maven-resources-plugin:3.1.0:testResources (default-testResources) @ ecommerce-app ---
[INFO] Using 'UTF-8' encoding to copy filtered resources.
[INFO] skip non existing resourceDirectory /var/jenkins_home/workspace/ecommerce/src/test/resources
[INFO] 
[INFO] --- maven-compiler-plugin:3.8.1:testCompile (default-testCompile) @ ecommerce-app ---
[INFO] Nothing to compile - all classes are up to date
[INFO] 
[INFO] --- maven-surefire-plugin:2.22.2:test (default-test) @ ecommerce-app ---
[INFO] 
[INFO] -------------------------------------------------------
[INFO]  T E S T S
[INFO] -------------------------------------------------------
[INFO] Running com.example.demo.controller.OrderControllerTest
2023-07-19T17:18:52.540+0000 INFO history order with user huyhue
2023-07-19T17:18:52.605+0000 ERROR submit order fail with user asasas
2023-07-19T17:18:52.614+0000 INFO submit order with user huyhue
[INFO] Tests run: 3, Failures: 0, Errors: 0, Skipped: 0, Time elapsed: 2.771 s - in com.example.demo.controller.OrderControllerTest
[INFO] Running com.example.demo.controller.UserControllerTest
2023-07-19T17:18:52.862+0000 INFO create ok for user : huyhue
[INFO] Tests run: 4, Failures: 0, Errors: 0, Skipped: 0, Time elapsed: 0.165 s - in com.example.demo.controller.UserControllerTest
[INFO] Running com.example.demo.controller.CartControllerTest
2023-07-19T17:18:53.018+0000 INFO remove cart ok with huyhue
2023-07-19T17:18:53.028+0000 ERROR remove cart fail with user failhuyhue
2023-07-19T17:18:53.038+0000 INFO add cart withhuyhue
[INFO] Tests run: 3, Failures: 0, Errors: 0, Skipped: 0, Time elapsed: 0.126 s - in com.example.demo.controller.CartControllerTest
[INFO] Running com.example.demo.controller.ItemControllerTest
2023-07-19T17:18:53.063+0000 INFO Item with name asasas
2023-07-19T17:18:53.063+0000 INFO Item with id 3
2023-07-19T17:18:53.066+0000 INFO Item with name item
2023-07-19T17:18:53.079+0000 INFO Item with id 1
[INFO] Tests run: 4, Failures: 0, Errors: 0, Skipped: 0, Time elapsed: 0.045 s - in com.example.demo.controller.ItemControllerTest
[INFO] Running com.example.demo.ECommerceApplicationTests
2023-07-19T17:18:53.099+0000 INFO remove cart ok with huyhue
2023-07-19T17:18:53.113+0000 ERROR remove cart fail with user failhuyhue
2023-07-19T17:18:53.121+0000 INFO add cart withhuyhue
2023-07-19T17:18:53.127+0000 INFO create ok for user : huyhue
2023-07-19T17:18:53.139+0000 INFO Item with name asasas
2023-07-19T17:18:53.142+0000 INFO Item with id 3
2023-07-19T17:18:53.144+0000 INFO Item with name item
2023-07-19T17:18:53.164+0000 INFO Item with id 1
2023-07-19T17:18:53.191+0000 INFO history order with user huyhue
2023-07-19T17:18:53.193+0000 ERROR submit order fail with user asasas
2023-07-19T17:18:53.201+0000 INFO submit order with user huyhue
[INFO] Tests run: 14, Failures: 0, Errors: 0, Skipped: 0, Time elapsed: 0.098 s - in com.example.demo.ECommerceApplicationTests
[INFO] 
[INFO] Results:
[INFO] 
[INFO] Tests run: 28, Failures: 0, Errors: 0, Skipped: 0
[INFO] 
[INFO] 
[INFO] --- maven-jar-plugin:3.1.1:jar (default-jar) @ ecommerce-app ---
[INFO] Building jar: /var/jenkins_home/workspace/ecommerce/target/ecommerce-app-0.0.1-SNAPSHOT.jar
[INFO] 
[INFO] --- spring-boot-maven-plugin:2.3.1.RELEASE:repackage (repackage) @ ecommerce-app ---
[INFO] Replacing main artifact with repackaged archive
[INFO] ------------------------------------------------------------------------
[INFO] BUILD SUCCESS
[INFO] ------------------------------------------------------------------------
[INFO] Total time:  10.422 s
[INFO] Finished at: 2023-07-19T17:18:55Z
[INFO] ------------------------------------------------------------------------
Finished: SUCCESS