Started by user Ahmed El-Fayomy
Running as SYSTEM
Building in workspace C:\Program Files (x86)\Jenkins\workspace\ecommerce-app
using credential f47a1c8f-6bcc-4907-9fdf-026532a4d15f
 > git.exe rev-parse --is-inside-work-tree # timeout=10
Fetching changes from the remote Git repository
 > git.exe config remote.origin.url git@github.com:fymo/ecommerce-application.git # timeout=10
Fetching upstream changes from git@github.com:fymo/ecommerce-application.git
 > git.exe --version # timeout=10
using GIT_SSH to set credentials 
 > git.exe fetch --tags --force --progress -- git@github.com:fymo/ecommerce-application.git +refs/heads/*:refs/remotes/origin/* # timeout=10
 > git.exe rev-parse "refs/remotes/origin/master^{commit}" # timeout=10
 > git.exe rev-parse "refs/remotes/origin/origin/master^{commit}" # timeout=10
Checking out Revision 2a52ce98d2f300dbd82463b5d1be43405ddfd8c6 (refs/remotes/origin/master)
 > git.exe config core.sparsecheckout # timeout=10
 > git.exe checkout -f 2a52ce98d2f300dbd82463b5d1be43405ddfd8c6 # timeout=10
Commit message: "- added Splunk Search and Alert Screenshots"
 > git.exe rev-list --no-walk c6f1ae66d4ba77546a932e734fea28ee2f2dcf76 # timeout=10
[ecommerce-app] $ cmd.exe /C "mvn -f pom.xml package && exit %%ERRORLEVEL%%"
[INFO] Scanning for projects...
[INFO] 
[INFO] ----------------------< com.example:auth-course >-----------------------
[INFO] Building ecommerce-application 0.0.1-SNAPSHOT
[INFO] --------------------------------[ jar ]---------------------------------
[INFO] 
[INFO] --- maven-resources-plugin:3.1.0:resources (default-resources) @ auth-course ---
[INFO] Using 'UTF-8' encoding to copy filtered resources.
[INFO] Copying 1 resource
[INFO] Copying 3 resources
[INFO] 
[INFO] --- maven-compiler-plugin:3.8.1:compile (default-compile) @ auth-course ---
[INFO] Nothing to compile - all classes are up to date
[INFO] 
[INFO] --- maven-resources-plugin:3.1.0:testResources (default-testResources) @ auth-course ---
[INFO] Using 'UTF-8' encoding to copy filtered resources.
[INFO] skip non existing resourceDirectory C:\Program Files (x86)\Jenkins\workspace\ecommerce-app\src\test\resources
[INFO] 
[INFO] --- maven-compiler-plugin:3.8.1:testCompile (default-testCompile) @ auth-course ---
[INFO] Nothing to compile - all classes are up to date
[INFO] 
[INFO] --- maven-surefire-plugin:2.22.2:test (default-test) @ auth-course ---
[INFO] 
[INFO] -------------------------------------------------------
[INFO]  T E S T S
[INFO] -------------------------------------------------------
2020-07-16T20:43:06.415+0300 INFO Neither @ContextConfiguration nor @ContextHierarchy found for test class [com.example.demo.ECommerceApplicationTests], using SpringBootContextLoader
2020-07-16T20:43:06.421+0300 INFO Could not detect default resource locations for test class [com.example.demo.ECommerceApplicationTests]: no resource found for suffixes {-context.xml, Context.groovy}.
2020-07-16T20:43:06.422+0300 INFO Could not detect default configuration classes for test class [com.example.demo.ECommerceApplicationTests]: ECommerceApplicationTests does not declare any static, non-private, non-final, nested classes annotated with @Configuration.
2020-07-16T20:43:06.490+0300 INFO Found @SpringBootConfiguration com.example.demo.ECommerceApplication for test class com.example.demo.ECommerceApplicationTests
2020-07-16T20:43:06.549+0300 INFO Loaded default TestExecutionListener class names from location [META-INF/spring.factories]: [org.springframework.security.test.context.support.WithSecurityContextTestExecutionListener, org.springframework.security.test.context.support.ReactorContextTestExecutionListener, org.springframework.test.context.web.ServletTestExecutionListener, org.springframework.test.context.support.DirtiesContextBeforeModesTestExecutionListener, org.springframework.test.context.support.DependencyInjectionTestExecutionListener, org.springframework.test.context.support.DirtiesContextTestExecutionListener, org.springframework.test.context.transaction.TransactionalTestExecutionListener, org.springframework.test.context.jdbc.SqlScriptsTestExecutionListener, org.springframework.test.context.event.EventPublishingTestExecutionListener, org.springframework.boot.test.mock.mockito.MockitoTestExecutionListener, org.springframework.boot.test.mock.mockito.ResetMocksTestExecutionListener, org.springframework.boot.test.autoconfigure.restdocs.RestDocsTestExecutionListener, org.springframework.boot.test.autoconfigure.web.client.MockRestServiceServerResetTestExecutionListener, org.springframework.boot.test.autoconfigure.web.servlet.MockMvcPrintOnlyOnFailureTestExecutionListener, org.springframework.boot.test.autoconfigure.web.servlet.WebDriverTestExecutionListener, org.springframework.boot.test.autoconfigure.webservices.client.MockWebServiceServerTestExecutionListener]
2020-07-16T20:43:06.566+0300 INFO Using TestExecutionListeners: [org.springframework.test.context.web.ServletTestExecutionListener@18c5069b, org.springframework.test.context.support.DirtiesContextBeforeModesTestExecutionListener@3a0d172f, org.springframework.boot.test.mock.mockito.MockitoTestExecutionListener@68ad99fe, org.springframework.boot.test.autoconfigure.SpringBootDependencyInjectionTestExecutionListener@485e36bc, org.springframework.test.context.support.DirtiesContextTestExecutionListener@781f10f2, org.springframework.test.context.transaction.TransactionalTestExecutionListener@2a79d4b1, org.springframework.test.context.jdbc.SqlScriptsTestExecutionListener@2e9fda69, org.springframework.security.test.context.support.WithSecurityContextTestExecutionListener@17cdf2d0, org.springframework.test.context.event.EventPublishingTestExecutionListener@1755e85b, org.springframework.security.test.context.support.ReactorContextTestExecutionListener@736d6a5c, org.springframework.boot.test.mock.mockito.ResetMocksTestExecutionListener@2371aaca, org.springframework.boot.test.autoconfigure.restdocs.RestDocsTestExecutionListener@5b529706, org.springframework.boot.test.autoconfigure.web.client.MockRestServiceServerResetTestExecutionListener@63fdab07, org.springframework.boot.test.autoconfigure.web.servlet.MockMvcPrintOnlyOnFailureTestExecutionListener@7b5a12ae, org.springframework.boot.test.autoconfigure.web.servlet.WebDriverTestExecutionListener@5553d0f5, org.springframework.boot.test.autoconfigure.webservices.client.MockWebServiceServerTestExecutionListener@1af687fe]
2020-07-16T20:43:06.575+0300 INFO Neither @ContextConfiguration nor @ContextHierarchy found for test class [com.example.demo.ECommerceApplicationTests], using SpringBootContextLoader
2020-07-16T20:43:06.575+0300 INFO Could not detect default resource locations for test class [com.example.demo.ECommerceApplicationTests]: no resource found for suffixes {-context.xml, Context.groovy}.
2020-07-16T20:43:06.575+0300 INFO Could not detect default configuration classes for test class [com.example.demo.ECommerceApplicationTests]: ECommerceApplicationTests does not declare any static, non-private, non-final, nested classes annotated with @Configuration.
2020-07-16T20:43:06.577+0300 INFO Found @SpringBootConfiguration com.example.demo.ECommerceApplication for test class com.example.demo.ECommerceApplicationTests
2020-07-16T20:43:06.579+0300 INFO Loaded default TestExecutionListener class names from location [META-INF/spring.factories]: [org.springframework.security.test.context.support.WithSecurityContextTestExecutionListener, org.springframework.security.test.context.support.ReactorContextTestExecutionListener, org.springframework.test.context.web.ServletTestExecutionListener, org.springframework.test.context.support.DirtiesContextBeforeModesTestExecutionListener, org.springframework.test.context.support.DependencyInjectionTestExecutionListener, org.springframework.test.context.support.DirtiesContextTestExecutionListener, org.springframework.test.context.transaction.TransactionalTestExecutionListener, org.springframework.test.context.jdbc.SqlScriptsTestExecutionListener, org.springframework.test.context.event.EventPublishingTestExecutionListener, org.springframework.boot.test.mock.mockito.MockitoTestExecutionListener, org.springframework.boot.test.mock.mockito.ResetMocksTestExecutionListener, org.springframework.boot.test.autoconfigure.restdocs.RestDocsTestExecutionListener, org.springframework.boot.test.autoconfigure.web.client.MockRestServiceServerResetTestExecutionListener, org.springframework.boot.test.autoconfigure.web.servlet.MockMvcPrintOnlyOnFailureTestExecutionListener, org.springframework.boot.test.autoconfigure.web.servlet.WebDriverTestExecutionListener, org.springframework.boot.test.autoconfigure.webservices.client.MockWebServiceServerTestExecutionListener]
2020-07-16T20:43:06.580+0300 INFO Using TestExecutionListeners: [org.springframework.test.context.web.ServletTestExecutionListener@32c8e539, org.springframework.test.context.support.DirtiesContextBeforeModesTestExecutionListener@73dce0e6, org.springframework.boot.test.mock.mockito.MockitoTestExecutionListener@5a85c92, org.springframework.boot.test.autoconfigure.SpringBootDependencyInjectionTestExecutionListener@32811494, org.springframework.test.context.support.DirtiesContextTestExecutionListener@4795ded0, org.springframework.test.context.transaction.TransactionalTestExecutionListener@53dacd14, org.springframework.test.context.jdbc.SqlScriptsTestExecutionListener@14d14731, org.springframework.security.test.context.support.WithSecurityContextTestExecutionListener@2eced48b, org.springframework.test.context.event.EventPublishingTestExecutionListener@47c4ecdc, org.springframework.security.test.context.support.ReactorContextTestExecutionListener@42f33b5d, org.springframework.boot.test.mock.mockito.ResetMocksTestExecutionListener@5c8504fd, org.springframework.boot.test.autoconfigure.restdocs.RestDocsTestExecutionListener@4b7e96a, org.springframework.boot.test.autoconfigure.web.client.MockRestServiceServerResetTestExecutionListener@6475472c, org.springframework.boot.test.autoconfigure.web.servlet.MockMvcPrintOnlyOnFailureTestExecutionListener@3f07b12c, org.springframework.boot.test.autoconfigure.web.servlet.WebDriverTestExecutionListener@4bd1f8dd, org.springframework.boot.test.autoconfigure.webservices.client.MockWebServiceServerTestExecutionListener@7096b474]
[INFO] Running com.example.demo.controller.CartControllerTest
2020-07-16T20:43:06.994+0300 INFO [REMOVE FROM CART] [Success] for user : fymo
2020-07-16T20:43:07.007+0300 INFO [ADD TO CART] [Success] for user : fymo
2020-07-16T20:43:07.009+0300 ERROR [REMOVE FROM CART] [Fail] for user : invalidUser, REASON : User not found
2020-07-16T20:43:07.009+0300 ERROR [ADD TO CART] [Fail] for user : invalidUser, REASON : User not found
[INFO] Tests run: 3, Failures: 0, Errors: 0, Skipped: 0, Time elapsed: 0.365 s - in com.example.demo.controller.CartControllerTest
[INFO] Running com.example.demo.controller.ItemControllerTest
[INFO] Tests run: 5, Failures: 0, Errors: 0, Skipped: 0, Time elapsed: 0 s - in com.example.demo.controller.ItemControllerTest
[INFO] Running com.example.demo.controller.OrderControllerTest
2020-07-16T20:43:07.042+0300 INFO [ORDER HISTORY] [Success] for user : fymo
2020-07-16T20:43:07.044+0300 INFO [SUBMIT ORDER] [Success] for user : fymo
2020-07-16T20:43:07.045+0300 ERROR [SUBMIT ORDER] [Fail] for user : invalid username, REASON : User not found
[INFO] Tests run: 4, Failures: 0, Errors: 0, Skipped: 0, Time elapsed: 0.015 s - in com.example.demo.controller.OrderControllerTest
[INFO] Running com.example.demo.controller.UserControllerTest
2020-07-16T20:43:07.059+0300 INFO [CREATE USER] [Success] for user : test
[INFO] Tests run: 3, Failures: 0, Errors: 0, Skipped: 0, Time elapsed: 0.012 s - in com.example.demo.controller.UserControllerTest
[INFO] Running com.example.demo.ECommerceApplicationTests

  .   ____          _            __ _ _
 /\\ / ___'_ __ _ _(_)_ __  __ _ \ \ \ \
( ( )\___ | '_ | '_| | '_ \/ _` | \ \ \ \
 \\/  ___)| |_)| | | | | || (_| |  ) ) ) )
  '  |____| .__|_| |_|_| |_\__, | / / / /
 =========|_|==============|___/=/_/_/_/
 :: Spring Boot ::        (v2.3.1.RELEASE)

2020-07-16T20:43:07.202+0300 INFO Starting ECommerceApplicationTests on DESKTOP-PRH5NPJ with PID 25516 (started by DESKTOP-PRH5NPJ$ in C:\Program Files (x86)\Jenkins\workspace\ecommerce-app)
2020-07-16T20:43:07.204+0300 INFO No active profile set, falling back to default profiles: default
2020-07-16T20:43:07.589+0300 INFO Bootstrapping Spring Data JPA repositories in DEFAULT mode.
2020-07-16T20:43:07.619+0300 INFO Finished Spring Data repository scanning in 25ms. Found 4 JPA repository interfaces.
2020-07-16T20:43:08.073+0300 INFO HHH000204: Processing PersistenceUnitInfo [name: default]
2020-07-16T20:43:08.107+0300 INFO HHH000412: Hibernate ORM core version 5.4.17.Final
2020-07-16T20:43:08.140+0300 INFO HCANN000001: Hibernate Commons Annotations {5.1.0.Final}
2020-07-16T20:43:08.588+0300 INFO HikariPool-1 - Starting...
2020-07-16T20:43:08.715+0300 INFO HikariPool-1 - Start completed.
2020-07-16T20:43:08.730+0300 INFO HHH000400: Using dialect: org.hibernate.dialect.H2Dialect
2020-07-16T20:43:09.127+0300 INFO HHH000490: Using JtaPlatform implementation: [org.hibernate.engine.transaction.jta.platform.internal.NoJtaPlatform]
2020-07-16T20:43:09.132+0300 INFO Initialized JPA EntityManagerFactory for persistence unit 'default'
2020-07-16T20:43:09.555+0300 WARN spring.jpa.open-in-view is enabled by default. Therefore, database queries may be performed during view rendering. Explicitly configure spring.jpa.open-in-view to disable this warning
2020-07-16T20:43:09.752+0300 INFO Creating filter chain: any request, [org.springframework.security.web.context.request.async.WebAsyncManagerIntegrationFilter@6684589a, org.springframework.security.web.context.SecurityContextPersistenceFilter@72168258, org.springframework.security.web.header.HeaderWriterFilter@6dcee890, org.springframework.web.filter.CorsFilter@5621a671, org.springframework.security.web.authentication.logout.LogoutFilter@7ef9c8a5, com.example.demo.security.JWTAuthenticationFilter@2006fdaa, com.example.demo.security.JWTAuthenticationVerificationFilter@21688427, org.springframework.security.web.savedrequest.RequestCacheAwareFilter@b5ff70b, org.springframework.security.web.servletapi.SecurityContextHolderAwareRequestFilter@674e4c82, org.springframework.security.web.authentication.AnonymousAuthenticationFilter@656c5818, org.springframework.security.web.session.SessionManagementFilter@13d5606c, org.springframework.security.web.access.ExceptionTranslationFilter@2a9f8d47, org.springframework.security.web.access.intercept.FilterSecurityInterceptor@7381d6f0]
2020-07-16T20:43:10.037+0300 INFO Initializing ExecutorService 'applicationTaskExecutor'
2020-07-16T20:43:10.344+0300 INFO Started ECommerceApplicationTests in 3.264 seconds (JVM running for 4.595)
[INFO] Tests run: 1, Failures: 0, Errors: 0, Skipped: 0, Time elapsed: 3.311 s - in com.example.demo.ECommerceApplicationTests
2020-07-16T20:43:10.406+0300 INFO Shutting down ExecutorService 'applicationTaskExecutor'
2020-07-16T20:43:10.408+0300 INFO Closing JPA EntityManagerFactory for persistence unit 'default'
2020-07-16T20:43:10.409+0300 INFO HikariPool-1 - Shutdown initiated...
2020-07-16T20:43:10.413+0300 INFO HikariPool-1 - Shutdown completed.
[INFO] 
[INFO] Results:
[INFO] 
[INFO] Tests run: 16, Failures: 0, Errors: 0, Skipped: 0
[INFO] 
[INFO] 
[INFO] --- maven-jar-plugin:3.1.1:jar (default-jar) @ auth-course ---
[INFO] Building jar: C:\Program Files (x86)\Jenkins\workspace\ecommerce-app\target\auth-course-0.0.1-SNAPSHOT.jar
[INFO] 
[INFO] --- spring-boot-maven-plugin:2.3.1.RELEASE:repackage (repackage) @ auth-course ---
[INFO] Replacing main artifact with repackaged archive
[INFO] ------------------------------------------------------------------------
[INFO] BUILD SUCCESS
[INFO] ------------------------------------------------------------------------
[INFO] Total time:  7.050 s
[INFO] Finished at: 2020-07-16T20:43:11+03:00
[INFO] ------------------------------------------------------------------------
Finished: SUCCESS
